<?xml version="1.0" encoding="UTF-8"?>
<!-- Generated by org.testng.reporters.JUnitReportReporter -->
<testsuite hostname="WiaN09" name="skeleton.CalcTest" tests="1" failures="0" timestamp="30 May 2020 08:06:12 GMT" time="2.209" errors="0">
  <testcase name="Sum" time="2.209" classname="skeleton.CalcTest"/>
</testsuite> <!-- skeleton.CalcTest -->
