<?xml version="1.0" encoding="UTF-8"?>
<!-- Generated by org.testng.reporters.JUnitReportReporter -->
<testsuite hostname="WiaN09" name="skeleton.Oracle" tests="1" failures="0" timestamp="30 May 2020 09:13:52 GMT" time="38.449" errors="0">
  <testcase name="Test" time="38.449" classname="skeleton.Oracle"/>
</testsuite> <!-- skeleton.Oracle -->
