<?xml version="1.0" encoding="UTF-8"?>
<!-- Generated by org.testng.reporters.JUnitReportReporter -->
<testsuite skipped="0" hostname="WiaN09" name="skeleton.CalcTest" tests="1" failures="0" timestamp="2020-05-29T12:33:24 IST" time="5.147" errors="0">
  <testcase name="Sum" time="5.147" classname="skeleton.CalcTest"/>
  <system-out/>
</testsuite> <!-- skeleton.CalcTest -->
